[2021-11-22T09:05:17.558878+00:00] VideoclubLogger.INFO: Nombre: Amancio Ortega, Usuario: amancio, Id: 0, Número de alquileres: 0 [] []
[2021-11-22T09:05:17.559295+00:00] VideoclubLogger.INFO: Nombre: Pablo Picasso, Usuario: pablo, Id: 1, Número de alquileres: 0 [] []
[2021-11-22T09:05:17.559525+00:00] VideoclubLogger.INFO: Nombre: paco, Usuario: paquito, Id: 234, Número de alquileres: 0 [] []
[2021-11-22T09:08:50.616039+00:00] VideoclubLogger.INFO: Nombre: Amancio Ortega, Usuario: amancio, Id: 0, Número de alquileres: 0 [] []
[2021-11-22T09:08:50.616206+00:00] VideoclubLogger.INFO: Nombre: Pablo Picasso, Usuario: pablo, Id: 1, Número de alquileres: 0 [] []
[2021-11-22T19:42:05.145477+00:00] VideoclubLogger.INFO: Nombre: Amancio Ortega, Usuario: amancio, Id: 0, Número de alquileres: 0 [] []
[2021-11-22T19:42:05.150406+00:00] VideoclubLogger.INFO: Nombre: Pablo Picasso, Usuario: pablo, Id: 1, Número de alquileres: 0 [] []
[2021-11-23T15:48:08.245673+00:00] VideoclubLogger.INFO: Nombre: Amancio Ortega, Usuario: amancio, Id: 0, Número de alquileres: 0 [] []
[2021-11-23T15:48:08.283961+00:00] VideoclubLogger.INFO: Nombre: Pablo Picasso, Usuario: pablo, Id: 1, Número de alquileres: 0 [] []
[2021-11-23T15:56:03.743134+00:00] VideoclubLogger.INFO: Nombre: Amancio Ortega, Usuario: amancio, Id: 0, Número de alquileres: 0 [] []
[2021-11-23T15:56:03.743499+00:00] VideoclubLogger.INFO: Nombre: Pablo Picasso, Usuario: pablo, Id: 1, Número de alquileres: 0 [] []
[2021-11-23T15:56:19.632136+00:00] VideoclubLogger.INFO: Nombre: Pablo Picasso, Usuario: pablo, Id: 1, Número de alquileres: 0 [] []
[2021-11-25T11:17:25.635556+00:00] VideoclubLogger.INFO: <strong>Alquilado soporte a: </strong> Bruce Wayne [] []
[2021-11-25T11:17:25.667053+00:00] VideoclubLogger.INFO: <br>Película en VHS: <br><i>https://www.metacritic.com/movie/ghostbusters</i>3.5€ (IVA no incluido) <br>Duración: 107 minutos <br> [] []
[2021-11-25T11:17:25.667263+00:00] VideoclubLogger.INFO: <strong>Alquilado soporte a: </strong> Bruce Wayne [] []
[2021-11-25T11:17:25.667409+00:00] VideoclubLogger.INFO: <br>Juego para: PS4<br><br><i>https://www.metacritic.com/game/playstation-4/the-last-of-us-part-ii</i>49.99€ (IVA no incluido) <br>Para un jugador [] []
[2021-11-25T11:17:25.667543+00:00] VideoclubLogger.INFO: <strong>Alquilado soporte a: </strong> Bruce Wayne [] []
[2021-11-25T11:17:25.667688+00:00] VideoclubLogger.INFO: <br>Película en DVD: <br><i>https://www.metacritic.com/movie/inception</i>15€ (IVA no incluido) <br>Idiomas: es,en,fr <br>Formato Pantalla: 16:9<br> [] []
[2021-11-25T11:17:25.667879+00:00] VideoclubLogger.WARNING: El cliente 23 ya tiene alquilado el soporte https://www.metacritic.com/movie/ghostbusters [] []
[2021-11-25T11:18:30.648799+00:00] VideoclubLogger.INFO: <strong>Alquilado soporte a: </strong> Bruce Wayne [] []
[2021-11-25T11:18:30.649337+00:00] VideoclubLogger.INFO: <br>Película en VHS: <br><i>https://www.metacritic.com/movie/ghostbusters</i>3.5€ (IVA no incluido) <br>Duración: 107 minutos <br> [] []
[2021-11-25T11:18:30.649464+00:00] VideoclubLogger.INFO: <strong>Alquilado soporte a: </strong> Bruce Wayne [] []
[2021-11-25T11:18:30.649586+00:00] VideoclubLogger.INFO: <br>Juego para: PS4<br><br><i>https://www.metacritic.com/game/playstation-4/the-last-of-us-part-ii</i>49.99€ (IVA no incluido) <br>Para un jugador [] []
[2021-11-25T11:18:30.649718+00:00] VideoclubLogger.INFO: <strong>Alquilado soporte a: </strong> Bruce Wayne [] []
[2021-11-25T11:18:30.649824+00:00] VideoclubLogger.INFO: <br>Película en DVD: <br><i>https://www.metacritic.com/movie/inception</i>15€ (IVA no incluido) <br>Idiomas: es,en,fr <br>Formato Pantalla: 16:9<br> [] []
[2021-11-25T11:18:30.649928+00:00] VideoclubLogger.WARNING: El cliente 23 ya tiene alquilado el soporte https://www.metacritic.com/movie/ghostbusters [] []
[2021-11-25T11:18:59.467680+00:00] VideoclubLogger.INFO: <strong>Alquilado soporte a: </strong> Bruce Wayne [] []
[2021-11-25T11:18:59.467964+00:00] VideoclubLogger.INFO: <br>Película en VHS: <br><i>https://www.metacritic.com/movie/ghostbusters</i>3.5€ (IVA no incluido) <br>Duración: 107 minutos <br> [] []
[2021-11-25T11:18:59.468083+00:00] VideoclubLogger.INFO: <strong>Alquilado soporte a: </strong> Bruce Wayne [] []
[2021-11-25T11:18:59.468176+00:00] VideoclubLogger.INFO: <br>Juego para: PS4<br><br><i>https://www.metacritic.com/game/playstation-4/the-last-of-us-part-ii</i>49.99€ (IVA no incluido) <br>Para un jugador [] []
[2021-11-25T11:18:59.468267+00:00] VideoclubLogger.INFO: <strong>Alquilado soporte a: </strong> Bruce Wayne [] []
[2021-11-25T11:18:59.468358+00:00] VideoclubLogger.INFO: <br>Película en DVD: <br><i>https://www.metacritic.com/movie/inception</i>15€ (IVA no incluido) <br>Idiomas: es,en,fr <br>Formato Pantalla: 16:9<br> [] []
[2021-11-25T11:18:59.468456+00:00] VideoclubLogger.WARNING: El cliente 23 ya tiene alquilado el soporte https://www.metacritic.com/movie/ghostbusters [] []
[2021-11-25T11:23:10.018732+00:00] VideoclubLogger.INFO: <strong>Alquilado soporte a: </strong> Bruce Wayne [] []
[2021-11-25T11:23:10.019310+00:00] VideoclubLogger.INFO: <br>Película en VHS: <br><i>https://www.metacritic.com/movie/ghostbusters</i>3.5€ (IVA no incluido) <br>Duración: 107 minutos <br> [] []
[2021-11-25T11:23:10.019439+00:00] VideoclubLogger.INFO: <strong>Alquilado soporte a: </strong> Bruce Wayne [] []
[2021-11-25T11:23:10.019553+00:00] VideoclubLogger.INFO: <br>Juego para: PS4<br><br><i>https://www.metacritic.com/game/playstation-4/the-last-of-us-part-ii</i>49.99€ (IVA no incluido) <br>Para un jugador [] []
[2021-11-25T11:23:10.019657+00:00] VideoclubLogger.INFO: <strong>Alquilado soporte a: </strong> Bruce Wayne [] []
[2021-11-25T11:23:10.019761+00:00] VideoclubLogger.INFO: <br>Película en DVD: <br><i>https://www.metacritic.com/movie/inception</i>15€ (IVA no incluido) <br>Idiomas: es,en,fr <br>Formato Pantalla: 16:9<br> [] []
[2021-11-25T11:23:10.019864+00:00] VideoclubLogger.WARNING: El cliente 23 ya tiene alquilado el soporte https://www.metacritic.com/movie/ghostbusters [] []
[2021-11-25T11:23:36.168045+00:00] VideoclubLogger.INFO: <strong>Alquilado soporte a: </strong> Bruce Wayne [] []
[2021-11-25T11:23:36.168416+00:00] VideoclubLogger.INFO: <br>Película en VHS: <br><i>https://www.metacritic.com/movie/ghostbusters</i>3.5€ (IVA no incluido) <br>Duración: 107 minutos <br> [] []
[2021-11-25T11:23:36.168543+00:00] VideoclubLogger.INFO: <strong>Alquilado soporte a: </strong> Bruce Wayne [] []
[2021-11-25T11:23:36.168655+00:00] VideoclubLogger.INFO: <br>Juego para: PS4<br><br><i>https://www.metacritic.com/game/playstation-4/the-last-of-us-part-ii</i>49.99€ (IVA no incluido) <br>Para un jugador [] []
[2021-11-25T11:23:36.168761+00:00] VideoclubLogger.INFO: <strong>Alquilado soporte a: </strong> Bruce Wayne [] []
[2021-11-25T11:23:36.168864+00:00] VideoclubLogger.INFO: <br>Película en DVD: <br><i>https://www.metacritic.com/movie/inception</i>15€ (IVA no incluido) <br>Idiomas: es,en,fr <br>Formato Pantalla: 16:9<br> [] []
[2021-11-25T11:23:36.169000+00:00] VideoclubLogger.WARNING: El cliente 23 ya tiene alquilado el soporte https://www.metacritic.com/movie/ghostbusters [] []
[2021-11-25T11:24:09.942700+00:00] VideoclubLogger.INFO: <strong>Alquilado soporte a: </strong> Bruce Wayne [] []
[2021-11-25T11:24:09.943000+00:00] VideoclubLogger.INFO: <br>Película en VHS: <br><i>https://www.metacritic.com/movie/ghostbusters</i>3.5€ (IVA no incluido) <br>Duración: 107 minutos <br> [] []
[2021-11-25T11:24:09.943099+00:00] VideoclubLogger.INFO: <strong>Alquilado soporte a: </strong> Bruce Wayne [] []
[2021-11-25T11:24:09.943187+00:00] VideoclubLogger.INFO: <br>Juego para: PS4<br><br><i>https://www.metacritic.com/game/playstation-4/the-last-of-us-part-ii</i>49.99€ (IVA no incluido) <br>Para un jugador [] []
[2021-11-25T11:24:09.943271+00:00] VideoclubLogger.INFO: <strong>Alquilado soporte a: </strong> Bruce Wayne [] []
[2021-11-25T11:24:09.943352+00:00] VideoclubLogger.INFO: <br>Película en DVD: <br><i>https://www.metacritic.com/movie/inception</i>15€ (IVA no incluido) <br>Idiomas: es,en,fr <br>Formato Pantalla: 16:9<br> [] []
[2021-11-25T11:24:09.943449+00:00] VideoclubLogger.WARNING: El cliente 23 ya tiene alquilado el soporte https://www.metacritic.com/movie/ghostbusters [] []
[2021-11-25T11:24:10.402996+00:00] VideoclubLogger.INFO: <strong>Alquilado soporte a: </strong> Bruce Wayne [] []
[2021-11-25T11:24:10.403666+00:00] VideoclubLogger.INFO: <br>Película en VHS: <br><i>https://www.metacritic.com/movie/ghostbusters</i>3.5€ (IVA no incluido) <br>Duración: 107 minutos <br> [] []
[2021-11-25T11:24:10.403949+00:00] VideoclubLogger.INFO: <strong>Alquilado soporte a: </strong> Bruce Wayne [] []
[2021-11-25T11:24:10.404184+00:00] VideoclubLogger.INFO: <br>Juego para: PS4<br><br><i>https://www.metacritic.com/game/playstation-4/the-last-of-us-part-ii</i>49.99€ (IVA no incluido) <br>Para un jugador [] []
[2021-11-25T11:24:10.404404+00:00] VideoclubLogger.INFO: <strong>Alquilado soporte a: </strong> Bruce Wayne [] []
[2021-11-25T11:24:10.404619+00:00] VideoclubLogger.INFO: <br>Película en DVD: <br><i>https://www.metacritic.com/movie/inception</i>15€ (IVA no incluido) <br>Idiomas: es,en,fr <br>Formato Pantalla: 16:9<br> [] []
[2021-11-25T11:24:10.404837+00:00] VideoclubLogger.WARNING: El cliente 23 ya tiene alquilado el soporte https://www.metacritic.com/movie/ghostbusters [] []
[2021-11-25T11:24:10.601388+00:00] VideoclubLogger.INFO: <strong>Alquilado soporte a: </strong> Bruce Wayne [] []
[2021-11-25T11:24:10.602388+00:00] VideoclubLogger.INFO: <br>Película en VHS: <br><i>https://www.metacritic.com/movie/ghostbusters</i>3.5€ (IVA no incluido) <br>Duración: 107 minutos <br> [] []
[2021-11-25T11:24:10.602771+00:00] VideoclubLogger.INFO: <strong>Alquilado soporte a: </strong> Bruce Wayne [] []
[2021-11-25T11:24:10.603141+00:00] VideoclubLogger.INFO: <br>Juego para: PS4<br><br><i>https://www.metacritic.com/game/playstation-4/the-last-of-us-part-ii</i>49.99€ (IVA no incluido) <br>Para un jugador [] []
[2021-11-25T11:24:10.603489+00:00] VideoclubLogger.INFO: <strong>Alquilado soporte a: </strong> Bruce Wayne [] []
[2021-11-25T11:24:10.603879+00:00] VideoclubLogger.INFO: <br>Película en DVD: <br><i>https://www.metacritic.com/movie/inception</i>15€ (IVA no incluido) <br>Idiomas: es,en,fr <br>Formato Pantalla: 16:9<br> [] []
[2021-11-25T11:24:10.604361+00:00] VideoclubLogger.WARNING: El cliente 23 ya tiene alquilado el soporte https://www.metacritic.com/movie/ghostbusters [] []
[2021-11-25T11:24:10.827119+00:00] VideoclubLogger.INFO: <strong>Alquilado soporte a: </strong> Bruce Wayne [] []
[2021-11-25T11:24:10.827472+00:00] VideoclubLogger.INFO: <br>Película en VHS: <br><i>https://www.metacritic.com/movie/ghostbusters</i>3.5€ (IVA no incluido) <br>Duración: 107 minutos <br> [] []
[2021-11-25T11:24:10.827667+00:00] VideoclubLogger.INFO: <strong>Alquilado soporte a: </strong> Bruce Wayne [] []
[2021-11-25T11:24:10.827861+00:00] VideoclubLogger.INFO: <br>Juego para: PS4<br><br><i>https://www.metacritic.com/game/playstation-4/the-last-of-us-part-ii</i>49.99€ (IVA no incluido) <br>Para un jugador [] []
[2021-11-25T11:24:10.828051+00:00] VideoclubLogger.INFO: <strong>Alquilado soporte a: </strong> Bruce Wayne [] []
[2021-11-25T11:24:10.828235+00:00] VideoclubLogger.INFO: <br>Película en DVD: <br><i>https://www.metacritic.com/movie/inception</i>15€ (IVA no incluido) <br>Idiomas: es,en,fr <br>Formato Pantalla: 16:9<br> [] []
[2021-11-25T11:24:10.828412+00:00] VideoclubLogger.WARNING: El cliente 23 ya tiene alquilado el soporte https://www.metacritic.com/movie/ghostbusters [] []
[2021-11-25T11:24:52.225775+00:00] VideoclubLogger.INFO: <strong>Alquilado soporte a: </strong> Bruce Wayne [] []
[2021-11-25T11:24:52.226221+00:00] VideoclubLogger.INFO: <br>Película en VHS: <br><i>https://www.metacritic.com/movie/ghostbusters</i>3.5€ (IVA no incluido) <br>Duración: 107 minutos <br> [] []
[2021-11-25T11:24:52.226346+00:00] VideoclubLogger.INFO: <strong>Alquilado soporte a: </strong> Bruce Wayne [] []
[2021-11-25T11:24:52.226458+00:00] VideoclubLogger.INFO: <br>Juego para: PS4<br><br><i>https://www.metacritic.com/game/playstation-4/the-last-of-us-part-ii</i>49.99€ (IVA no incluido) <br>Para un jugador [] []
[2021-11-25T11:24:52.226578+00:00] VideoclubLogger.INFO: <strong>Alquilado soporte a: </strong> Bruce Wayne [] []
[2021-11-25T11:24:52.226690+00:00] VideoclubLogger.INFO: <br>Película en DVD: <br><i>https://www.metacritic.com/movie/inception</i>15€ (IVA no incluido) <br>Idiomas: es,en,fr <br>Formato Pantalla: 16:9<br> [] []
[2021-11-25T11:24:52.226795+00:00] VideoclubLogger.WARNING: El cliente 23 ya tiene alquilado el soporte https://www.metacritic.com/movie/ghostbusters [] []
[2021-11-25T11:24:52.743823+00:00] VideoclubLogger.INFO: <strong>Alquilado soporte a: </strong> Bruce Wayne [] []
[2021-11-25T11:24:52.744154+00:00] VideoclubLogger.INFO: <br>Película en VHS: <br><i>https://www.metacritic.com/movie/ghostbusters</i>3.5€ (IVA no incluido) <br>Duración: 107 minutos <br> [] []
[2021-11-25T11:24:52.744275+00:00] VideoclubLogger.INFO: <strong>Alquilado soporte a: </strong> Bruce Wayne [] []
[2021-11-25T11:24:52.744385+00:00] VideoclubLogger.INFO: <br>Juego para: PS4<br><br><i>https://www.metacritic.com/game/playstation-4/the-last-of-us-part-ii</i>49.99€ (IVA no incluido) <br>Para un jugador [] []
[2021-11-25T11:24:52.744490+00:00] VideoclubLogger.INFO: <strong>Alquilado soporte a: </strong> Bruce Wayne [] []
[2021-11-25T11:24:52.744592+00:00] VideoclubLogger.INFO: <br>Película en DVD: <br><i>https://www.metacritic.com/movie/inception</i>15€ (IVA no incluido) <br>Idiomas: es,en,fr <br>Formato Pantalla: 16:9<br> [] []
[2021-11-25T11:24:52.744696+00:00] VideoclubLogger.WARNING: El cliente 23 ya tiene alquilado el soporte https://www.metacritic.com/movie/ghostbusters [] []
[2021-11-25T11:24:53.037855+00:00] VideoclubLogger.INFO: <strong>Alquilado soporte a: </strong> Bruce Wayne [] []
[2021-11-25T11:24:53.039132+00:00] VideoclubLogger.INFO: <br>Película en VHS: <br><i>https://www.metacritic.com/movie/ghostbusters</i>3.5€ (IVA no incluido) <br>Duración: 107 minutos <br> [] []
[2021-11-25T11:24:53.039624+00:00] VideoclubLogger.INFO: <strong>Alquilado soporte a: </strong> Bruce Wayne [] []
[2021-11-25T11:24:53.040064+00:00] VideoclubLogger.INFO: <br>Juego para: PS4<br><br><i>https://www.metacritic.com/game/playstation-4/the-last-of-us-part-ii</i>49.99€ (IVA no incluido) <br>Para un jugador [] []
[2021-11-25T11:24:53.040404+00:00] VideoclubLogger.INFO: <strong>Alquilado soporte a: </strong> Bruce Wayne [] []
[2021-11-25T11:24:53.040741+00:00] VideoclubLogger.INFO: <br>Película en DVD: <br><i>https://www.metacritic.com/movie/inception</i>15€ (IVA no incluido) <br>Idiomas: es,en,fr <br>Formato Pantalla: 16:9<br> [] []
[2021-11-25T11:24:53.041109+00:00] VideoclubLogger.WARNING: El cliente 23 ya tiene alquilado el soporte https://www.metacritic.com/movie/ghostbusters [] []
[2021-11-25T11:24:53.311431+00:00] VideoclubLogger.INFO: <strong>Alquilado soporte a: </strong> Bruce Wayne [] []
[2021-11-25T11:24:53.312108+00:00] VideoclubLogger.INFO: <br>Película en VHS: <br><i>https://www.metacritic.com/movie/ghostbusters</i>3.5€ (IVA no incluido) <br>Duración: 107 minutos <br> [] []
[2021-11-25T11:24:53.312366+00:00] VideoclubLogger.INFO: <strong>Alquilado soporte a: </strong> Bruce Wayne [] []
[2021-11-25T11:24:53.312595+00:00] VideoclubLogger.INFO: <br>Juego para: PS4<br><br><i>https://www.metacritic.com/game/playstation-4/the-last-of-us-part-ii</i>49.99€ (IVA no incluido) <br>Para un jugador [] []
[2021-11-25T11:24:53.312899+00:00] VideoclubLogger.INFO: <strong>Alquilado soporte a: </strong> Bruce Wayne [] []
[2021-11-25T11:24:53.313215+00:00] VideoclubLogger.INFO: <br>Película en DVD: <br><i>https://www.metacritic.com/movie/inception</i>15€ (IVA no incluido) <br>Idiomas: es,en,fr <br>Formato Pantalla: 16:9<br> [] []
[2021-11-25T11:24:53.313494+00:00] VideoclubLogger.WARNING: El cliente 23 ya tiene alquilado el soporte https://www.metacritic.com/movie/ghostbusters [] []
[2021-11-25T11:24:53.813320+00:00] VideoclubLogger.INFO: <strong>Alquilado soporte a: </strong> Bruce Wayne [] []
[2021-11-25T11:24:53.813587+00:00] VideoclubLogger.INFO: <br>Película en VHS: <br><i>https://www.metacritic.com/movie/ghostbusters</i>3.5€ (IVA no incluido) <br>Duración: 107 minutos <br> [] []
[2021-11-25T11:24:53.813704+00:00] VideoclubLogger.INFO: <strong>Alquilado soporte a: </strong> Bruce Wayne [] []
[2021-11-25T11:24:53.813797+00:00] VideoclubLogger.INFO: <br>Juego para: PS4<br><br><i>https://www.metacritic.com/game/playstation-4/the-last-of-us-part-ii</i>49.99€ (IVA no incluido) <br>Para un jugador [] []
[2021-11-25T11:24:53.813882+00:00] VideoclubLogger.INFO: <strong>Alquilado soporte a: </strong> Bruce Wayne [] []
[2021-11-25T11:24:53.813965+00:00] VideoclubLogger.INFO: <br>Película en DVD: <br><i>https://www.metacritic.com/movie/inception</i>15€ (IVA no incluido) <br>Idiomas: es,en,fr <br>Formato Pantalla: 16:9<br> [] []
[2021-11-25T11:24:53.814049+00:00] VideoclubLogger.WARNING: El cliente 23 ya tiene alquilado el soporte https://www.metacritic.com/movie/ghostbusters [] []
[2021-11-25T11:24:53.824701+00:00] VideoclubLogger.INFO: <strong>Alquilado soporte a: </strong> Bruce Wayne [] []
[2021-11-25T11:24:53.825040+00:00] VideoclubLogger.INFO: <br>Película en VHS: <br><i>https://www.metacritic.com/movie/ghostbusters</i>3.5€ (IVA no incluido) <br>Duración: 107 minutos <br> [] []
[2021-11-25T11:24:53.825179+00:00] VideoclubLogger.INFO: <strong>Alquilado soporte a: </strong> Bruce Wayne [] []
[2021-11-25T11:24:53.825261+00:00] VideoclubLogger.INFO: <br>Juego para: PS4<br><br><i>https://www.metacritic.com/game/playstation-4/the-last-of-us-part-ii</i>49.99€ (IVA no incluido) <br>Para un jugador [] []
[2021-11-25T11:24:53.825343+00:00] VideoclubLogger.INFO: <strong>Alquilado soporte a: </strong> Bruce Wayne [] []
[2021-11-25T11:24:53.825415+00:00] VideoclubLogger.INFO: <br>Película en DVD: <br><i>https://www.metacritic.com/movie/inception</i>15€ (IVA no incluido) <br>Idiomas: es,en,fr <br>Formato Pantalla: 16:9<br> [] []
[2021-11-25T11:24:53.825495+00:00] VideoclubLogger.WARNING: El cliente 23 ya tiene alquilado el soporte https://www.metacritic.com/movie/ghostbusters [] []
[2021-11-25T11:24:53.856627+00:00] VideoclubLogger.INFO: <strong>Alquilado soporte a: </strong> Bruce Wayne [] []
[2021-11-25T11:24:53.856878+00:00] VideoclubLogger.INFO: <br>Película en VHS: <br><i>https://www.metacritic.com/movie/ghostbusters</i>3.5€ (IVA no incluido) <br>Duración: 107 minutos <br> [] []
[2021-11-25T11:24:53.856991+00:00] VideoclubLogger.INFO: <strong>Alquilado soporte a: </strong> Bruce Wayne [] []
[2021-11-25T11:24:53.857068+00:00] VideoclubLogger.INFO: <br>Juego para: PS4<br><br><i>https://www.metacritic.com/game/playstation-4/the-last-of-us-part-ii</i>49.99€ (IVA no incluido) <br>Para un jugador [] []
[2021-11-25T11:24:53.857157+00:00] VideoclubLogger.INFO: <strong>Alquilado soporte a: </strong> Bruce Wayne [] []
[2021-11-25T11:24:53.857228+00:00] VideoclubLogger.INFO: <br>Película en DVD: <br><i>https://www.metacritic.com/movie/inception</i>15€ (IVA no incluido) <br>Idiomas: es,en,fr <br>Formato Pantalla: 16:9<br> [] []
[2021-11-25T11:24:53.857297+00:00] VideoclubLogger.WARNING: El cliente 23 ya tiene alquilado el soporte https://www.metacritic.com/movie/ghostbusters [] []
[2021-11-25T11:24:53.878217+00:00] VideoclubLogger.INFO: <strong>Alquilado soporte a: </strong> Bruce Wayne [] []
[2021-11-25T11:24:53.878573+00:00] VideoclubLogger.INFO: <br>Película en VHS: <br><i>https://www.metacritic.com/movie/ghostbusters</i>3.5€ (IVA no incluido) <br>Duración: 107 minutos <br> [] []
[2021-11-25T11:24:53.878702+00:00] VideoclubLogger.INFO: <strong>Alquilado soporte a: </strong> Bruce Wayne [] []
[2021-11-25T11:24:53.878816+00:00] VideoclubLogger.INFO: <br>Juego para: PS4<br><br><i>https://www.metacritic.com/game/playstation-4/the-last-of-us-part-ii</i>49.99€ (IVA no incluido) <br>Para un jugador [] []
[2021-11-25T11:24:53.878897+00:00] VideoclubLogger.INFO: <strong>Alquilado soporte a: </strong> Bruce Wayne [] []
[2021-11-25T11:24:53.878979+00:00] VideoclubLogger.INFO: <br>Película en DVD: <br><i>https://www.metacritic.com/movie/inception</i>15€ (IVA no incluido) <br>Idiomas: es,en,fr <br>Formato Pantalla: 16:9<br> [] []
[2021-11-25T11:24:53.879062+00:00] VideoclubLogger.WARNING: El cliente 23 ya tiene alquilado el soporte https://www.metacritic.com/movie/ghostbusters [] []
[2021-11-25T11:24:53.934881+00:00] VideoclubLogger.INFO: <strong>Alquilado soporte a: </strong> Bruce Wayne [] []
[2021-11-25T11:24:53.935699+00:00] VideoclubLogger.INFO: <br>Película en VHS: <br><i>https://www.metacritic.com/movie/ghostbusters</i>3.5€ (IVA no incluido) <br>Duración: 107 minutos <br> [] []
[2021-11-25T11:24:53.935891+00:00] VideoclubLogger.INFO: <strong>Alquilado soporte a: </strong> Bruce Wayne [] []
[2021-11-25T11:24:53.936005+00:00] VideoclubLogger.INFO: <br>Juego para: PS4<br><br><i>https://www.metacritic.com/game/playstation-4/the-last-of-us-part-ii</i>49.99€ (IVA no incluido) <br>Para un jugador [] []
[2021-11-25T11:24:53.936100+00:00] VideoclubLogger.INFO: <strong>Alquilado soporte a: </strong> Bruce Wayne [] []
[2021-11-25T11:24:53.936203+00:00] VideoclubLogger.INFO: <br>Película en DVD: <br><i>https://www.metacritic.com/movie/inception</i>15€ (IVA no incluido) <br>Idiomas: es,en,fr <br>Formato Pantalla: 16:9<br> [] []
[2021-11-25T11:24:53.936302+00:00] VideoclubLogger.WARNING: El cliente 23 ya tiene alquilado el soporte https://www.metacritic.com/movie/ghostbusters [] []
[2021-11-25T11:24:53.991396+00:00] VideoclubLogger.INFO: <strong>Alquilado soporte a: </strong> Bruce Wayne [] []
[2021-11-25T11:24:53.991719+00:00] VideoclubLogger.INFO: <br>Película en VHS: <br><i>https://www.metacritic.com/movie/ghostbusters</i>3.5€ (IVA no incluido) <br>Duración: 107 minutos <br> [] []
[2021-11-25T11:24:53.991838+00:00] VideoclubLogger.INFO: <strong>Alquilado soporte a: </strong> Bruce Wayne [] []
[2021-11-25T11:24:53.991913+00:00] VideoclubLogger.INFO: <br>Juego para: PS4<br><br><i>https://www.metacritic.com/game/playstation-4/the-last-of-us-part-ii</i>49.99€ (IVA no incluido) <br>Para un jugador [] []
[2021-11-25T11:24:53.991983+00:00] VideoclubLogger.INFO: <strong>Alquilado soporte a: </strong> Bruce Wayne [] []
[2021-11-25T11:24:53.992052+00:00] VideoclubLogger.INFO: <br>Película en DVD: <br><i>https://www.metacritic.com/movie/inception</i>15€ (IVA no incluido) <br>Idiomas: es,en,fr <br>Formato Pantalla: 16:9<br> [] []
[2021-11-25T11:24:53.992120+00:00] VideoclubLogger.WARNING: El cliente 23 ya tiene alquilado el soporte https://www.metacritic.com/movie/ghostbusters [] []
[2021-11-25T11:24:54.011347+00:00] VideoclubLogger.INFO: <strong>Alquilado soporte a: </strong> Bruce Wayne [] []
[2021-11-25T11:24:54.011601+00:00] VideoclubLogger.INFO: <br>Película en VHS: <br><i>https://www.metacritic.com/movie/ghostbusters</i>3.5€ (IVA no incluido) <br>Duración: 107 minutos <br> [] []
[2021-11-25T11:24:54.011706+00:00] VideoclubLogger.INFO: <strong>Alquilado soporte a: </strong> Bruce Wayne [] []
[2021-11-25T11:24:54.011781+00:00] VideoclubLogger.INFO: <br>Juego para: PS4<br><br><i>https://www.metacritic.com/game/playstation-4/the-last-of-us-part-ii</i>49.99€ (IVA no incluido) <br>Para un jugador [] []
[2021-11-25T11:24:54.011862+00:00] VideoclubLogger.INFO: <strong>Alquilado soporte a: </strong> Bruce Wayne [] []
[2021-11-25T11:24:54.011933+00:00] VideoclubLogger.INFO: <br>Película en DVD: <br><i>https://www.metacritic.com/movie/inception</i>15€ (IVA no incluido) <br>Idiomas: es,en,fr <br>Formato Pantalla: 16:9<br> [] []
[2021-11-25T11:24:54.012002+00:00] VideoclubLogger.WARNING: El cliente 23 ya tiene alquilado el soporte https://www.metacritic.com/movie/ghostbusters [] []
[2021-11-25T11:24:54.027173+00:00] VideoclubLogger.INFO: <strong>Alquilado soporte a: </strong> Bruce Wayne [] []
[2021-11-25T11:24:54.027402+00:00] VideoclubLogger.INFO: <br>Película en VHS: <br><i>https://www.metacritic.com/movie/ghostbusters</i>3.5€ (IVA no incluido) <br>Duración: 107 minutos <br> [] []
[2021-11-25T11:24:54.027485+00:00] VideoclubLogger.INFO: <strong>Alquilado soporte a: </strong> Bruce Wayne [] []
[2021-11-25T11:24:54.027559+00:00] VideoclubLogger.INFO: <br>Juego para: PS4<br><br><i>https://www.metacritic.com/game/playstation-4/the-last-of-us-part-ii</i>49.99€ (IVA no incluido) <br>Para un jugador [] []
[2021-11-25T11:24:54.027643+00:00] VideoclubLogger.INFO: <strong>Alquilado soporte a: </strong> Bruce Wayne [] []
[2021-11-25T11:24:54.027715+00:00] VideoclubLogger.INFO: <br>Película en DVD: <br><i>https://www.metacritic.com/movie/inception</i>15€ (IVA no incluido) <br>Idiomas: es,en,fr <br>Formato Pantalla: 16:9<br> [] []
[2021-11-25T11:24:54.027784+00:00] VideoclubLogger.WARNING: El cliente 23 ya tiene alquilado el soporte https://www.metacritic.com/movie/ghostbusters [] []
[2021-11-25T11:24:54.092822+00:00] VideoclubLogger.INFO: <strong>Alquilado soporte a: </strong> Bruce Wayne [] []
[2021-11-25T11:24:54.093143+00:00] VideoclubLogger.INFO: <br>Película en VHS: <br><i>https://www.metacritic.com/movie/ghostbusters</i>3.5€ (IVA no incluido) <br>Duración: 107 minutos <br> [] []
[2021-11-25T11:24:54.093255+00:00] VideoclubLogger.INFO: <strong>Alquilado soporte a: </strong> Bruce Wayne [] []
[2021-11-25T11:24:54.093376+00:00] VideoclubLogger.INFO: <br>Juego para: PS4<br><br><i>https://www.metacritic.com/game/playstation-4/the-last-of-us-part-ii</i>49.99€ (IVA no incluido) <br>Para un jugador [] []
[2021-11-25T11:24:54.093470+00:00] VideoclubLogger.INFO: <strong>Alquilado soporte a: </strong> Bruce Wayne [] []
[2021-11-25T11:24:54.093564+00:00] VideoclubLogger.INFO: <br>Película en DVD: <br><i>https://www.metacritic.com/movie/inception</i>15€ (IVA no incluido) <br>Idiomas: es,en,fr <br>Formato Pantalla: 16:9<br> [] []
[2021-11-25T11:24:54.093658+00:00] VideoclubLogger.WARNING: El cliente 23 ya tiene alquilado el soporte https://www.metacritic.com/movie/ghostbusters [] []
[2021-11-25T11:24:54.128459+00:00] VideoclubLogger.INFO: <strong>Alquilado soporte a: </strong> Bruce Wayne [] []
[2021-11-25T11:24:54.128708+00:00] VideoclubLogger.INFO: <br>Película en VHS: <br><i>https://www.metacritic.com/movie/ghostbusters</i>3.5€ (IVA no incluido) <br>Duración: 107 minutos <br> [] []
[2021-11-25T11:24:54.128806+00:00] VideoclubLogger.INFO: <strong>Alquilado soporte a: </strong> Bruce Wayne [] []
[2021-11-25T11:24:54.128880+00:00] VideoclubLogger.INFO: <br>Juego para: PS4<br><br><i>https://www.metacritic.com/game/playstation-4/the-last-of-us-part-ii</i>49.99€ (IVA no incluido) <br>Para un jugador [] []
[2021-11-25T11:24:54.128975+00:00] VideoclubLogger.INFO: <strong>Alquilado soporte a: </strong> Bruce Wayne [] []
[2021-11-25T11:24:54.129043+00:00] VideoclubLogger.INFO: <br>Película en DVD: <br><i>https://www.metacritic.com/movie/inception</i>15€ (IVA no incluido) <br>Idiomas: es,en,fr <br>Formato Pantalla: 16:9<br> [] []
[2021-11-25T11:24:54.129109+00:00] VideoclubLogger.WARNING: El cliente 23 ya tiene alquilado el soporte https://www.metacritic.com/movie/ghostbusters [] []
[2021-11-25T11:24:54.142423+00:00] VideoclubLogger.INFO: <strong>Alquilado soporte a: </strong> Bruce Wayne [] []
[2021-11-25T11:24:54.142654+00:00] VideoclubLogger.INFO: <br>Película en VHS: <br><i>https://www.metacritic.com/movie/ghostbusters</i>3.5€ (IVA no incluido) <br>Duración: 107 minutos <br> [] []
[2021-11-25T11:24:54.142738+00:00] VideoclubLogger.INFO: <strong>Alquilado soporte a: </strong> Bruce Wayne [] []
[2021-11-25T11:24:54.142812+00:00] VideoclubLogger.INFO: <br>Juego para: PS4<br><br><i>https://www.metacritic.com/game/playstation-4/the-last-of-us-part-ii</i>49.99€ (IVA no incluido) <br>Para un jugador [] []
[2021-11-25T11:24:54.142881+00:00] VideoclubLogger.INFO: <strong>Alquilado soporte a: </strong> Bruce Wayne [] []
[2021-11-25T11:24:54.142962+00:00] VideoclubLogger.INFO: <br>Película en DVD: <br><i>https://www.metacritic.com/movie/inception</i>15€ (IVA no incluido) <br>Idiomas: es,en,fr <br>Formato Pantalla: 16:9<br> [] []
[2021-11-25T11:24:54.143084+00:00] VideoclubLogger.WARNING: El cliente 23 ya tiene alquilado el soporte https://www.metacritic.com/movie/ghostbusters [] []
[2021-11-25T11:24:54.157646+00:00] VideoclubLogger.INFO: <strong>Alquilado soporte a: </strong> Bruce Wayne [] []
[2021-11-25T11:24:54.157886+00:00] VideoclubLogger.INFO: <br>Película en VHS: <br><i>https://www.metacritic.com/movie/ghostbusters</i>3.5€ (IVA no incluido) <br>Duración: 107 minutos <br> [] []
[2021-11-25T11:24:54.157970+00:00] VideoclubLogger.INFO: <strong>Alquilado soporte a: </strong> Bruce Wayne [] []
[2021-11-25T11:24:54.158044+00:00] VideoclubLogger.INFO: <br>Juego para: PS4<br><br><i>https://www.metacritic.com/game/playstation-4/the-last-of-us-part-ii</i>49.99€ (IVA no incluido) <br>Para un jugador [] []
[2021-11-25T11:24:54.158149+00:00] VideoclubLogger.INFO: <strong>Alquilado soporte a: </strong> Bruce Wayne [] []
[2021-11-25T11:24:54.158270+00:00] VideoclubLogger.INFO: <br>Película en DVD: <br><i>https://www.metacritic.com/movie/inception</i>15€ (IVA no incluido) <br>Idiomas: es,en,fr <br>Formato Pantalla: 16:9<br> [] []
[2021-11-25T11:24:54.158350+00:00] VideoclubLogger.WARNING: El cliente 23 ya tiene alquilado el soporte https://www.metacritic.com/movie/ghostbusters [] []
[2021-11-25T11:24:54.177603+00:00] VideoclubLogger.INFO: <strong>Alquilado soporte a: </strong> Bruce Wayne [] []
[2021-11-25T11:24:54.177833+00:00] VideoclubLogger.INFO: <br>Película en VHS: <br><i>https://www.metacritic.com/movie/ghostbusters</i>3.5€ (IVA no incluido) <br>Duración: 107 minutos <br> [] []
[2021-11-25T11:24:54.177917+00:00] VideoclubLogger.INFO: <strong>Alquilado soporte a: </strong> Bruce Wayne [] []
[2021-11-25T11:24:54.177992+00:00] VideoclubLogger.INFO: <br>Juego para: PS4<br><br><i>https://www.metacritic.com/game/playstation-4/the-last-of-us-part-ii</i>49.99€ (IVA no incluido) <br>Para un jugador [] []
[2021-11-25T11:24:54.178109+00:00] VideoclubLogger.INFO: <strong>Alquilado soporte a: </strong> Bruce Wayne [] []
[2021-11-25T11:24:54.178187+00:00] VideoclubLogger.INFO: <br>Película en DVD: <br><i>https://www.metacritic.com/movie/inception</i>15€ (IVA no incluido) <br>Idiomas: es,en,fr <br>Formato Pantalla: 16:9<br> [] []
[2021-11-25T11:24:54.178257+00:00] VideoclubLogger.WARNING: El cliente 23 ya tiene alquilado el soporte https://www.metacritic.com/movie/ghostbusters [] []
[2021-11-25T11:24:54.243771+00:00] VideoclubLogger.INFO: <strong>Alquilado soporte a: </strong> Bruce Wayne [] []
[2021-11-25T11:24:54.244118+00:00] VideoclubLogger.INFO: <br>Película en VHS: <br><i>https://www.metacritic.com/movie/ghostbusters</i>3.5€ (IVA no incluido) <br>Duración: 107 minutos <br> [] []
[2021-11-25T11:24:54.244247+00:00] VideoclubLogger.INFO: <strong>Alquilado soporte a: </strong> Bruce Wayne [] []
[2021-11-25T11:24:54.244374+00:00] VideoclubLogger.INFO: <br>Juego para: PS4<br><br><i>https://www.metacritic.com/game/playstation-4/the-last-of-us-part-ii</i>49.99€ (IVA no incluido) <br>Para un jugador [] []
[2021-11-25T11:24:54.244497+00:00] VideoclubLogger.INFO: <strong>Alquilado soporte a: </strong> Bruce Wayne [] []
[2021-11-25T11:24:54.244619+00:00] VideoclubLogger.INFO: <br>Película en DVD: <br><i>https://www.metacritic.com/movie/inception</i>15€ (IVA no incluido) <br>Idiomas: es,en,fr <br>Formato Pantalla: 16:9<br> [] []
[2021-11-25T11:24:54.244736+00:00] VideoclubLogger.WARNING: El cliente 23 ya tiene alquilado el soporte https://www.metacritic.com/movie/ghostbusters [] []
[2021-11-25T11:24:54.277325+00:00] VideoclubLogger.INFO: <strong>Alquilado soporte a: </strong> Bruce Wayne [] []
[2021-11-25T11:24:54.277571+00:00] VideoclubLogger.INFO: <br>Película en VHS: <br><i>https://www.metacritic.com/movie/ghostbusters</i>3.5€ (IVA no incluido) <br>Duración: 107 minutos <br> [] []
[2021-11-25T11:24:54.277655+00:00] VideoclubLogger.INFO: <strong>Alquilado soporte a: </strong> Bruce Wayne [] []
[2021-11-25T11:24:54.277730+00:00] VideoclubLogger.INFO: <br>Juego para: PS4<br><br><i>https://www.metacritic.com/game/playstation-4/the-last-of-us-part-ii</i>49.99€ (IVA no incluido) <br>Para un jugador [] []
[2021-11-25T11:24:54.277801+00:00] VideoclubLogger.INFO: <strong>Alquilado soporte a: </strong> Bruce Wayne [] []
[2021-11-25T11:24:54.277870+00:00] VideoclubLogger.INFO: <br>Película en DVD: <br><i>https://www.metacritic.com/movie/inception</i>15€ (IVA no incluido) <br>Idiomas: es,en,fr <br>Formato Pantalla: 16:9<br> [] []
[2021-11-25T11:24:54.277955+00:00] VideoclubLogger.WARNING: El cliente 23 ya tiene alquilado el soporte https://www.metacritic.com/movie/ghostbusters [] []
[2021-11-25T11:24:54.292169+00:00] VideoclubLogger.INFO: <strong>Alquilado soporte a: </strong> Bruce Wayne [] []
[2021-11-25T11:24:54.292405+00:00] VideoclubLogger.INFO: <br>Película en VHS: <br><i>https://www.metacritic.com/movie/ghostbusters</i>3.5€ (IVA no incluido) <br>Duración: 107 minutos <br> [] []
[2021-11-25T11:24:54.292521+00:00] VideoclubLogger.INFO: <strong>Alquilado soporte a: </strong> Bruce Wayne [] []
[2021-11-25T11:24:54.292635+00:00] VideoclubLogger.INFO: <br>Juego para: PS4<br><br><i>https://www.metacritic.com/game/playstation-4/the-last-of-us-part-ii</i>49.99€ (IVA no incluido) <br>Para un jugador [] []
[2021-11-25T11:24:54.292748+00:00] VideoclubLogger.INFO: <strong>Alquilado soporte a: </strong> Bruce Wayne [] []
[2021-11-25T11:24:54.292861+00:00] VideoclubLogger.INFO: <br>Película en DVD: <br><i>https://www.metacritic.com/movie/inception</i>15€ (IVA no incluido) <br>Idiomas: es,en,fr <br>Formato Pantalla: 16:9<br> [] []
[2021-11-25T11:24:54.293036+00:00] VideoclubLogger.WARNING: El cliente 23 ya tiene alquilado el soporte https://www.metacritic.com/movie/ghostbusters [] []
[2021-11-25T11:24:54.307129+00:00] VideoclubLogger.INFO: <strong>Alquilado soporte a: </strong> Bruce Wayne [] []
[2021-11-25T11:24:54.307404+00:00] VideoclubLogger.INFO: <br>Película en VHS: <br><i>https://www.metacritic.com/movie/ghostbusters</i>3.5€ (IVA no incluido) <br>Duración: 107 minutos <br> [] []
[2021-11-25T11:24:54.307486+00:00] VideoclubLogger.INFO: <strong>Alquilado soporte a: </strong> Bruce Wayne [] []
[2021-11-25T11:24:54.307586+00:00] VideoclubLogger.INFO: <br>Juego para: PS4<br><br><i>https://www.metacritic.com/game/playstation-4/the-last-of-us-part-ii</i>49.99€ (IVA no incluido) <br>Para un jugador [] []
[2021-11-25T11:24:54.307661+00:00] VideoclubLogger.INFO: <strong>Alquilado soporte a: </strong> Bruce Wayne [] []
[2021-11-25T11:24:54.307729+00:00] VideoclubLogger.INFO: <br>Película en DVD: <br><i>https://www.metacritic.com/movie/inception</i>15€ (IVA no incluido) <br>Idiomas: es,en,fr <br>Formato Pantalla: 16:9<br> [] []
[2021-11-25T11:24:54.307799+00:00] VideoclubLogger.WARNING: El cliente 23 ya tiene alquilado el soporte https://www.metacritic.com/movie/ghostbusters [] []
[2021-11-25T11:24:54.328623+00:00] VideoclubLogger.INFO: <strong>Alquilado soporte a: </strong> Bruce Wayne [] []
[2021-11-25T11:24:54.328863+00:00] VideoclubLogger.INFO: <br>Película en VHS: <br><i>https://www.metacritic.com/movie/ghostbusters</i>3.5€ (IVA no incluido) <br>Duración: 107 minutos <br> [] []
[2021-11-25T11:24:54.328985+00:00] VideoclubLogger.INFO: <strong>Alquilado soporte a: </strong> Bruce Wayne [] []
[2021-11-25T11:24:54.329061+00:00] VideoclubLogger.INFO: <br>Juego para: PS4<br><br><i>https://www.metacritic.com/game/playstation-4/the-last-of-us-part-ii</i>49.99€ (IVA no incluido) <br>Para un jugador [] []
[2021-11-25T11:24:54.329131+00:00] VideoclubLogger.INFO: <strong>Alquilado soporte a: </strong> Bruce Wayne [] []
[2021-11-25T11:24:54.329224+00:00] VideoclubLogger.INFO: <br>Película en DVD: <br><i>https://www.metacritic.com/movie/inception</i>15€ (IVA no incluido) <br>Idiomas: es,en,fr <br>Formato Pantalla: 16:9<br> [] []
[2021-11-25T11:24:54.329296+00:00] VideoclubLogger.WARNING: El cliente 23 ya tiene alquilado el soporte https://www.metacritic.com/movie/ghostbusters [] []
